<?xml version="1.0" encoding="UTF-8"?>
<!-- Generated by org.testng.reporters.JUnitReportReporter -->
<testsuite hostname="DESKTOP-MOASIIL" name="com.tours.tests.RegistrationPageTest" tests="9" failures="0" timestamp="30 Jul 2022 14:32:04 GMT" time="19.458" errors="0">
  <testcase name="enterMailingInformation" time="0.416" classname="com.tours.tests.RegistrationPageTest"/>
  <testcase name="enterContactInformation" time="0.187" classname="com.tours.tests.RegistrationPageTest"/>
  <testcase name="enterBillingAddress" time="0.328" classname="com.tours.tests.RegistrationPageTest"/>
  <testcase name="enterUserInformation" time="0.115" classname="com.tours.tests.RegistrationPageTest"/>
  <testcase name="enterFlightDetails" time="7.246" classname="com.tours.tests.RegistrationPageTest"/>
  <testcase name="confirmregistrationTest" time="2.110" classname="com.tours.tests.RegistrationPageTest"/>
  <testcase name="FightconfirmationDetails" time="0.040" classname="com.tours.tests.RegistrationPageTest"/>
  <testcase name="selectDepartureandReturn" time="8.785" classname="com.tours.tests.RegistrationPageTest"/>
  <testcase name="enterSubmit" time="0.231" classname="com.tours.tests.RegistrationPageTest"/>
</testsuite> <!-- com.tours.tests.RegistrationPageTest -->
