<?xml version="1.0" encoding="UTF-8"?>
<!-- Generated by org.testng.reporters.JUnitReportReporter -->
<testsuite hostname="DESKTOP-MOASIIL" name="com.tours.tests.RegistrationPageTest" tests="18" failures="0" timestamp="30 Jul 2022 16:21:09 GMT" time="37.711" errors="0">
  <testcase name="enterMailingInformation" time="0.383" classname="com.tours.tests.RegistrationPageTest"/>
  <testcase name="confirmregistrationTest" time="2.085" classname="com.tours.tests.RegistrationPageTest"/>
  <testcase name="enterMailingInformation" time="0.347" classname="com.tours.tests.RegistrationPageTest"/>
  <testcase name="enterBillingAddress" time="0.331" classname="com.tours.tests.RegistrationPageTest"/>
  <testcase name="enterFlightDetails" time="6.310" classname="com.tours.tests.RegistrationPageTest"/>
  <testcase name="enterFlightDetails" time="7.225" classname="com.tours.tests.RegistrationPageTest"/>
  <testcase name="enterContactInformation" time="0.134" classname="com.tours.tests.RegistrationPageTest"/>
  <testcase name="FightconfirmationDetails" time="0.081" classname="com.tours.tests.RegistrationPageTest"/>
  <testcase name="enterUserInformation" time="0.282" classname="com.tours.tests.RegistrationPageTest"/>
  <testcase name="selectDepartureandReturn" time="8.353" classname="com.tours.tests.RegistrationPageTest"/>
  <testcase name="enterBillingAddress" time="0.494" classname="com.tours.tests.RegistrationPageTest"/>
  <testcase name="enterUserInformation" time="0.077" classname="com.tours.tests.RegistrationPageTest"/>
  <testcase name="enterSubmit" time="0.221" classname="com.tours.tests.RegistrationPageTest"/>
  <testcase name="selectDepartureandReturn" time="8.777" classname="com.tours.tests.RegistrationPageTest"/>
  <testcase name="FightconfirmationDetails" time="0.035" classname="com.tours.tests.RegistrationPageTest"/>
  <testcase name="confirmregistrationTest" time="2.140" classname="com.tours.tests.RegistrationPageTest"/>
  <testcase name="enterContactInformation" time="0.379" classname="com.tours.tests.RegistrationPageTest"/>
  <testcase name="enterSubmit" time="0.057" classname="com.tours.tests.RegistrationPageTest"/>
</testsuite> <!-- com.tours.tests.RegistrationPageTest -->
